Using pre-set license
Built from '2020.3/staging' branch; Version is '2020.3.21f1 (a38c86f6690f) revision 10718342'; Using compiler version '192528614'; Build Type 'Release'
OS: 'Windows 10 Home Single Language; OS build 19043.1288; Version 2009; 64bit' Language: 'en' Physical Memory: 16155 MB
BatchMode: 1, IsHumanControllingUs: 0, StartBugReporterOnCrash: 0, Is64bit: 1, IsPro: 0

COMMAND LINE ARGUMENTS:
C:\Program Files\Unity\Hub\Editor\2020.3.21f1\Editor\Unity.exe
-adb2
-batchMode
-noUpm
-name
AssetImportWorker0
-projectPath
D:/My Noodli' Room
-logFile
Logs/AssetImportWorker0.log
-srvPort
61301
Successfully changed project path to: D:/My Noodli' Room
D:/My Noodli' Room
Using Asset Import Pipeline V2.
Refreshing native plugins compatible for Editor in 25.77 ms, found 2 plugins.
Preloading 0 native plugins for Editor in 0.00 ms.
Initialize engine version: 2020.3.21f1 (a38c86f6690f)
[Subsystems] Discovering subsystems at path C:/Program Files/Unity/Hub/Editor/2020.3.21f1/Editor/Data/Resources/UnitySubsystems
[Subsystems] Discovering subsystems at path D:/My Noodli' Room/Assets
GfxDevice: creating device client; threaded=0
Direct3D:
    Version:  Direct3D 11.0 [level 11.1]
    Renderer: NVIDIA GeForce GTX 1650 Ti (ID=0x1f95)
    Vendor:   
    VRAM:     3962 MB
    Driver:   30.0.14.7196
Initialize mono
Mono path[0] = 'C:/Program Files/Unity/Hub/Editor/2020.3.21f1/Editor/Data/Managed'
Mono path[1] = 'C:/Program Files/Unity/Hub/Editor/2020.3.21f1/Editor/Data/MonoBleedingEdge/lib/mono/unityjit'
Mono config path = 'C:/Program Files/Unity/Hub/Editor/2020.3.21f1/Editor/Data/MonoBleedingEdge/etc'
Using monoOptions --debugger-agent=transport=dt_socket,embedding=1,server=y,suspend=n,address=127.0.0.1:56224
Begin MonoManager ReloadAssembly
Registering precompiled unity dll's ...
Register platform support module: C:/Program Files/Unity/Hub/Editor/2020.3.21f1/Editor/Data/PlaybackEngines/WindowsStandaloneSupport/UnityEditor.WindowsStandalone.Extensions.dll
Registered in 0.001463 seconds.
Native extension for WindowsStandalone target not found
Refreshing native plugins compatible for Editor in 24.92 ms, found 2 plugins.
Preloading 0 native plugins for Editor in 0.00 ms.
Mono: successfully reloaded assembly
- Completed reload, in  0.939 seconds
Domain Reload Profiling:
	ReloadAssembly (939ms)
		BeginReloadAssembly (55ms)
			ExecutionOrderSort (0ms)
			DisableScriptedObjects (0ms)
			BackupInstance (0ms)
			ReleaseScriptingObjects (0ms)
			CreateAndSetChildDomain (1ms)
		EndReloadAssembly (368ms)
			LoadAssemblies (52ms)
			RebuildTransferFunctionScriptingTraits (0ms)
			SetupTypeCache (125ms)
			ReleaseScriptCaches (0ms)
			RebuildScriptCaches (26ms)
			SetupLoadedEditorAssemblies (141ms)
				LogAssemblyErrors (0ms)
				InitializePlatformSupportModulesInManaged (3ms)
				SetLoadedEditorAssemblies (0ms)
				RefreshPlugins (25ms)
				BeforeProcessingInitializeOnLoad (9ms)
				ProcessInitializeOnLoadAttributes (80ms)
				ProcessInitializeOnLoadMethodAttributes (24ms)
				AfterProcessingInitializeOnLoad (0ms)
				EditorAssembliesLoaded (0ms)
			ExecutionOrderSort2 (0ms)
			AwakeInstancesAfterBackupRestoration (0ms)
Platform modules already initialized, skipping
Registering precompiled user dll's ...
Registered in 0.002079 seconds.
Begin MonoManager ReloadAssembly
Native extension for WindowsStandalone target not found
Refreshing native plugins compatible for Editor in 0.33 ms, found 2 plugins.
Preloading 0 native plugins for Editor in 0.00 ms.
Mono: successfully reloaded assembly
- Completed reload, in  0.842 seconds
Domain Reload Profiling:
	ReloadAssembly (843ms)
		BeginReloadAssembly (127ms)
			ExecutionOrderSort (0ms)
			DisableScriptedObjects (6ms)
			BackupInstance (0ms)
			ReleaseScriptingObjects (0ms)
			CreateAndSetChildDomain (15ms)
		EndReloadAssembly (663ms)
			LoadAssemblies (71ms)
			RebuildTransferFunctionScriptingTraits (0ms)
			SetupTypeCache (242ms)
			ReleaseScriptCaches (0ms)
			RebuildScriptCaches (34ms)
			SetupLoadedEditorAssemblies (242ms)
				LogAssemblyErrors (0ms)
				InitializePlatformSupportModulesInManaged (4ms)
				SetLoadedEditorAssemblies (1ms)
				RefreshPlugins (0ms)
				BeforeProcessingInitializeOnLoad (45ms)
				ProcessInitializeOnLoadAttributes (179ms)
				ProcessInitializeOnLoadMethodAttributes (7ms)
				AfterProcessingInitializeOnLoad (5ms)
				EditorAssembliesLoaded (0ms)
			ExecutionOrderSort2 (0ms)
			AwakeInstancesAfterBackupRestoration (5ms)
Platform modules already initialized, skipping
========================================================================
Worker process is ready to serve import requests
Launched and connected shader compiler UnityShaderCompiler.exe after 0.07 seconds
Refreshing native plugins compatible for Editor in 0.33 ms, found 2 plugins.
Preloading 0 native plugins for Editor in 0.00 ms.
Unloading 1488 Unused Serialized files (Serialized files now loaded: 0)
System memory in use before: 67.1 MB.
System memory in use after: 67.2 MB.

Unloading 19 unused Assets to reduce memory usage. Loaded Objects now: 1920.
Total: 2.889700 ms (FindLiveObjects: 0.165300 ms CreateObjectMapping: 0.066700 ms MarkObjects: 2.599500 ms  DeleteObjects: 0.057400 ms)

AssetImportParameters requested are different than current active one (requested -> active):
  custom:framework-win-MediaFoundation: 216162199b28c13a410421893ffa2e32 -> 
  custom:video-decoder-ogg-theora: a1e56fd34408186e4bbccfd4996cb3dc -> 
  custom:container-muxer-webm: aa71ff27fc2769a1b78a27578f13a17b -> 
  custom:container-demuxer-webm: 4f35f7cbe854078d1ac9338744f61a02 -> 
  custom:container-demuxer-ogg: 62fdf1f143b41e24485cea50d1cbac27 -> 
  custom:video-encoder-webm-vp8: eb34c28f22e8b96e1ab97ce403110664 -> 
  custom:video-codec-MediaFoundation-h265: 746d11721c4dcdbdad8f713fa42b33f4 -> 
  custom:video-decoder-webm-vp8: 9c59270c3fd7afecdb556c50c9e8de78 -> 
  custom:audio-decoder-ogg-vorbis: bf7c407c2cedff20999df2af8eb42d56 -> 
  custom:audio-encoder-webm-vorbis: bf7c407c2cedff20999df2af8eb42d56 -> 
========================================================================
Received Import Request.
  path: Assets/Wood.mat
  artifactKey: Guid(746569cd4a426974981ae82ed3f2d1fc) Importer(815301076,1909f56bfc062723c751e8b465ee728b)
Start importing Assets/Wood.mat using Guid(746569cd4a426974981ae82ed3f2d1fc) Importer(815301076,1909f56bfc062723c751e8b465ee728b)  -> (artifact id: '2b63b066828ae68f4b4bac3d20cea923') in 0.222652 seconds 
  Import took 0.225060 seconds .

========================================================================
Received Import Request.
  Time since last request: 0.000124 seconds.
  path: Assets/wood_table_001_nor_gl_2k.jpg
  artifactKey: Guid(7ffbdd1c33d76cb4b88759f4d6dd2ff9) Importer(815301076,1909f56bfc062723c751e8b465ee728b)
Start importing Assets/wood_table_001_nor_gl_2k.jpg using Guid(7ffbdd1c33d76cb4b88759f4d6dd2ff9) Importer(815301076,1909f56bfc062723c751e8b465ee728b)  -> (artifact id: '0ef38a602f2b42d68f387038d8086b19') in 0.071289 seconds 
  Import took 0.073708 seconds .

========================================================================
Received Import Request.
  Time since last request: 0.000184 seconds.
  path: Assets/Guitar_wood_2.png
  artifactKey: Guid(035055bf506ba544498f226ad0abcfdc) Importer(815301076,1909f56bfc062723c751e8b465ee728b)
Start importing Assets/Guitar_wood_2.png using Guid(035055bf506ba544498f226ad0abcfdc) Importer(815301076,1909f56bfc062723c751e8b465ee728b)  -> (artifact id: 'b15c62ad8849dc15b63d0d74e88382a3') in 0.014341 seconds 
  Import took 0.017168 seconds .

========================================================================
Received Import Request.
  Time since last request: 0.000246 seconds.
  path: Assets/guitar.mat
  artifactKey: Guid(3daf2721778df934aaeb24030460de03) Importer(815301076,1909f56bfc062723c751e8b465ee728b)
Start importing Assets/guitar.mat using Guid(3daf2721778df934aaeb24030460de03) Importer(815301076,1909f56bfc062723c751e8b465ee728b)  -> (artifact id: 'fc95a20ea51387bb2e8a3ddef7fdb8fa') in 0.086261 seconds 
  Import took 0.089044 seconds .

========================================================================
Received Import Request.
  Time since last request: 0.000228 seconds.
  path: Assets/Guitar_3.fbx.fbx
  artifactKey: Guid(9f884d4d35ef3f84b9bc23ce460cd896) Importer(815301076,1909f56bfc062723c751e8b465ee728b)
Start importing Assets/Guitar_3.fbx.fbx using Guid(9f884d4d35ef3f84b9bc23ce460cd896) Importer(815301076,1909f56bfc062723c751e8b465ee728b)  -> (artifact id: '3177b43e09552e36e35041550529bce0') in 0.233602 seconds 
  Import took 0.236455 seconds .

========================================================================
Received Import Request.
  Time since last request: 0.000254 seconds.
  path: Assets/wood_table_001_diff_2k.jpg
  artifactKey: Guid(e720b8e4ba1763146ac3ad5d8bea54c8) Importer(815301076,1909f56bfc062723c751e8b465ee728b)
Start importing Assets/wood_table_001_diff_2k.jpg using Guid(e720b8e4ba1763146ac3ad5d8bea54c8) Importer(815301076,1909f56bfc062723c751e8b465ee728b)  -> (artifact id: 'd0920a06e6a73fb92f5637a1adc2332f') in 0.012556 seconds 
  Import took 0.016106 seconds .

========================================================================
Received Import Request.
  Time since last request: 0.000484 seconds.
  path: Assets/guitar back.mat
  artifactKey: Guid(e67eaf3918800394f8fb065cee74a9c5) Importer(815301076,1909f56bfc062723c751e8b465ee728b)
Start importing Assets/guitar back.mat using Guid(e67eaf3918800394f8fb065cee74a9c5) Importer(815301076,1909f56bfc062723c751e8b465ee728b)  -> (artifact id: 'ad6ab15ed9c5f4e75dd4f6e302f66da6') in 0.021833 seconds 
  Import took 0.025635 seconds .

========================================================================
Received Import Request.
  Time since last request: 0.000331 seconds.
  path: Assets/wood_table_001_rough_2k.jpg
  artifactKey: Guid(53f61b08de559614eb823f43167bec1f) Importer(815301076,1909f56bfc062723c751e8b465ee728b)
Start importing Assets/wood_table_001_rough_2k.jpg using Guid(53f61b08de559614eb823f43167bec1f) Importer(815301076,1909f56bfc062723c751e8b465ee728b)  -> (artifact id: '6c3cf70d72ad7cf87034e74c1a02e70f') in 0.022617 seconds 
  Import took 0.026887 seconds .

========================================================================
Received Import Request.
  Time since last request: 0.000313 seconds.
  path: Assets/gift2.mat
  artifactKey: Guid(a8e35dcf9eabbd042ad16c91c344a348) Importer(815301076,1909f56bfc062723c751e8b465ee728b)
Start importing Assets/gift2.mat using Guid(a8e35dcf9eabbd042ad16c91c344a348) Importer(815301076,1909f56bfc062723c751e8b465ee728b)  -> (artifact id: '6f27f8648ba95634c836242028620487') in 0.023582 seconds 
  Import took 0.026509 seconds .

========================================================================
Received Import Request.
  Time since last request: 0.000279 seconds.
  path: Assets/div.dae
  artifactKey: Guid(69ee4ec8bbacf974cbe8589937f3e5e3) Importer(815301076,1909f56bfc062723c751e8b465ee728b)
Start importing Assets/div.dae using Guid(69ee4ec8bbacf974cbe8589937f3e5e3) Importer(815301076,1909f56bfc062723c751e8b465ee728b)  -> (artifact id: 'c99b20bca6480bd571c1d8400f9bf245') in 8.545816 seconds 
  Import took 8.592759 seconds .

========================================================================
Received Import Request.
  Time since last request: 0.000275 seconds.
  path: Assets/giftbox.mat
  artifactKey: Guid(3d1665cea8532b94fac05f7b281b59db) Importer(815301076,1909f56bfc062723c751e8b465ee728b)
Start importing Assets/giftbox.mat using Guid(3d1665cea8532b94fac05f7b281b59db) Importer(815301076,1909f56bfc062723c751e8b465ee728b)  -> (artifact id: 'c39aca658f2ec0fe643d56e3cd4052f6') in 0.027807 seconds 
  Import took 0.030429 seconds .

========================================================================
Received Import Request.
  Time since last request: 0.000263 seconds.
  path: Assets/Guitar_wood_1.png
  artifactKey: Guid(c9a3fc016e2245240bcd7a8c375f17d2) Importer(815301076,1909f56bfc062723c751e8b465ee728b)
Start importing Assets/Guitar_wood_1.png using Guid(c9a3fc016e2245240bcd7a8c375f17d2) Importer(815301076,1909f56bfc062723c751e8b465ee728b)  -> (artifact id: '3ec74fc34f7a035ef7e22f2f9c00632c') in 0.013965 seconds 
  Import took 0.017462 seconds .

AssetImportWorkerClient::OnTransportError - code=2 error=End of file
